1605479621694	geckodriver	INFO	Listening on 127.0.0.1:52496
1605479624749	mozrunner::runner	INFO	Running command: "C:\\Program Files\\Mozilla Firefox\\firefox.exe" "--marionette" "-foreground" "-no-remote" "-profile" "C:\\Users\\UTILIS~1\\AppData\\Local\\Temp\\rust_mozprofile9MjBvr"
Can't find symbol 'eglSwapBuffersWithDamageEXT'.
JavaScript error: resource://gre/modules/XULStore.jsm, line 66: Error: Can't find profile directory.
console.warn: SearchSettings: "get: No settings file exists, new profile?" (new Error("", "(unknown module)"))
1605479628006	Marionette	INFO	Listening on port 52504
1605479628397	Marionette	WARN	TLS certificate errors will be ignored for this session
1605479649926	Marionette	INFO	Stopped listening on port 52504

###!!! [Child][RunMessage] Error: Channel closing: too late to send/recv, messages will be lost


###!!! [Child][MessageChannel::SendAndWait] Error: Channel error: cannot send/recv

1605479658818	geckodriver	INFO	Listening on 127.0.0.1:52547
1605479661831	mozrunner::runner	INFO	Running command: "C:\\Program Files\\Mozilla Firefox\\firefox.exe" "--marionette" "-foreground" "-no-remote" "-profile" "C:\\Users\\UTILIS~1\\AppData\\Local\\Temp\\rust_mozprofile9aZTkI"
Can't find symbol 'eglSwapBuffersWithDamageEXT'.
JavaScript error: resource://gre/modules/XULStore.jsm, line 66: Error: Can't find profile directory.
console.warn: SearchSettings: "get: No settings file exists, new profile?" (new Error("", "(unknown module)"))
1605479664795	Marionette	INFO	Listening on port 52555
1605479664966	Marionette	WARN	TLS certificate errors will be ignored for this session
1605479687878	Marionette	INFO	Stopped listening on port 52555

###!!! [Child][RunMessage] Error: Channel closing: too late to send/recv, messages will be lost


###!!! [Child][MessageChannel::SendAndWait] Error: Channel error: cannot send/recv

1605479851451	geckodriver	INFO	Listening on 127.0.0.1:52621
1605479854498	mozrunner::runner	INFO	Running command: "C:\\Program Files\\Mozilla Firefox\\firefox.exe" "--marionette" "-foreground" "-no-remote" "-profile" "C:\\Users\\UTILIS~1\\AppData\\Local\\Temp\\rust_mozprofileJSKRb3"
Can't find symbol 'eglSwapBuffersWithDamageEXT'.
JavaScript error: resource://gre/modules/XULStore.jsm, line 66: Error: Can't find profile directory.
console.warn: SearchSettings: "get: No settings file exists, new profile?" (new Error("", "(unknown module)"))
1605479857488	Marionette	INFO	Listening on port 52629
1605479857638	Marionette	WARN	TLS certificate errors will be ignored for this session
1605479884547	Marionette	INFO	Stopped listening on port 52629

###!!! [Child][RunMessage] Error: Channel closing: too late to send/recv, messages will be lost


###!!! [Child][MessageChannel::SendAndWait] Error: Channel error: cannot send/recv

1605479990518	geckodriver	INFO	Listening on 127.0.0.1:52692
1605479993545	mozrunner::runner	INFO	Running command: "C:\\Program Files\\Mozilla Firefox\\firefox.exe" "--marionette" "-foreground" "-no-remote" "-profile" "C:\\Users\\UTILIS~1\\AppData\\Local\\Temp\\rust_mozprofilesf3Ej9"
Can't find symbol 'eglSwapBuffersWithDamageEXT'.
JavaScript error: resource://gre/modules/XULStore.jsm, line 66: Error: Can't find profile directory.
console.warn: SearchSettings: "get: No settings file exists, new profile?" (new Error("", "(unknown module)"))
1605479996573	Marionette	INFO	Listening on port 52700
1605479996688	Marionette	WARN	TLS certificate errors will be ignored for this session
1605480035740	Marionette	INFO	Stopped listening on port 52700

###!!! [Child][RunMessage] Error: Channel closing: too late to send/recv, messages will be lost


###!!! [Child][MessageChannel::SendAndWait] Error: Channel error: cannot send/recv

